#
# There is insufficient memory for the Java Runtime Environment to continue.
# Native memory allocation (mmap) failed to map 134217728 bytes. Error detail: G1 virtual space
# Possible reasons:
#   The system is out of physical RAM or swap space
#   This process is running with CompressedOops enabled, and the Java Heap may be blocking the growth of the native heap
# Possible solutions:
#   Reduce memory load on the system
#   Increase physical memory or swap space
#   Check if swap backing store is full
#   Decrease Java heap size (-Xmx/-Xms)
#   Decrease number of Java threads
#   Decrease Java thread stack sizes (-Xss)
#   Set larger code cache with -XX:ReservedCodeCacheSize=
#   JVM is running with Unscaled Compressed Oops mode in which the Java heap is
#     placed in the first 4GB address space. The Java Heap base address is the
#     maximum limit for the native heap growth. Please use -XX:HeapBaseMinAddress
#     to set the Java Heap base and to place the Java Heap above 4GB virtual address.
# This output file may be truncated or incomplete.
#
#  Out of Memory Error (os_windows.cpp:3825), pid=72232, tid=79384
#
# JRE version:  (17.0.11+1) (build )
# Java VM: OpenJDK 64-Bit Server VM (17.0.11+1-b1207.24, mixed mode, sharing, tiered, compressed oops, compressed class ptrs, g1 gc, windows-amd64)
# No core dump will be written. Minidumps are not enabled by default on client versions of Windows
#

---------------  S U M M A R Y ------------

Command Line: -Djava.rmi.server.hostname=127.0.0.1 -Duser.timezone=UTC -Xmx1024m -Xms128m -Djdbc.classpath=C:\Program Files\JetBrains\IntelliJ IDEA 2024.1.2\plugins\DatabaseTools\lib\jdbc-console.jar;C:\Users\LENOVO\AppData\Roaming\JetBrains\IntelliJIdea2024.1\jdbc-drivers\MySQL ConnectorJ\8.2.0\com\mysql\mysql-connector-j\8.2.0\mysql-connector-j-8.2.0.jar;C:\Users\LENOVO\AppData\Roaming\JetBrains\IntelliJIdea2024.1\jdbc-drivers\MySQL ConnectorJ\8.2.0\com\google\protobuf\protobuf-java\3.21.9\protobuf-java-3.21.9.jar --add-exports=java.desktop/sun.awt=ALL-UNNAMED --add-exports=java.desktop/java.awt.peer=ALL-UNNAMED --add-opens=java.desktop/java.awt=ALL-UNNAMED --add-opens=jdk.unsupported/sun.misc=ALL-UNNAMED --add-opens=java.base/java.nio=ALL-UNNAMED --add-opens=java.base/java.util=ALL-UNNAMED -Dfile.encoding=UTF-8 com.intellij.database.remote.RemoteJdbcServer com.mysql.cj.jdbc.Driver

Host: AMD Ryzen 5 5600H with Radeon Graphics         , 12 cores, 13G,  Windows 11 , 64 bit Build 22000 (10.0.22000.2538)
Time: Tue Sep 24 13:53:51 2024 SE Asia Standard Time elapsed time: 0.006991 seconds (0d 0h 0m 0s)

---------------  T H R E A D  ---------------

Current thread (0x0000023ee788e5d0):  JavaThread "Unknown thread" [_thread_in_vm, id=79384, stack(0x000000747ea00000,0x000000747eb00000)]

Stack: [0x000000747ea00000,0x000000747eb00000]
Native frames: (J=compiled Java code, j=interpreted, Vv=VM code, C=native code)
V  [jvm.dll+0x6877f9]
V  [jvm.dll+0x8411aa]
V  [jvm.dll+0x842e2e]
V  [jvm.dll+0x843493]
V  [jvm.dll+0x249fdf]
V  [jvm.dll+0x6845c9]
V  [jvm.dll+0x678e7a]
V  [jvm.dll+0x30ab4b]
V  [jvm.dll+0x311ff6]
V  [jvm.dll+0x361a5e]
V  [jvm.dll+0x361c8f]
V  [jvm.dll+0x2e0978]
V  [jvm.dll+0x2e18e4]
V  [jvm.dll+0x811c71]
V  [jvm.dll+0x36f7c8]
V  [jvm.dll+0x7f05f6]
V  [jvm.dll+0x3f398f]
V  [jvm.dll+0x3f5541]
C  [jli.dll+0x528f]
C  [ucrtbase.dll+0x26c0c]
C  [KERNEL32.DLL+0x153e0]
C  [ntdll.dll+0x485b]


---------------  P R O C E S S  ---------------

Threads class SMR info:
_java_thread_list=0x00007ffaad0eefd8, length=0, elements={
}

Java Threads: ( => current thread )

Other Threads:
  0x0000023ee78cc8a0 GCTaskThread "GC Thread#0" [stack: 0x000000747eb00000,0x000000747ec00000] [id=77320]
  0x0000023ee78d57f0 ConcurrentGCThread "G1 Main Marker" [stack: 0x000000747ec00000,0x000000747ed00000] [id=81012]
  0x0000023ee78d69b0 ConcurrentGCThread "G1 Conc#0" [stack: 0x000000747ed00000,0x000000747ee00000] [id=77572]

[error occurred during error reporting (printing all threads), id 0xc0000005, EXCEPTION_ACCESS_VIOLATION (0xc0000005) at pc=0x00007ffaac8a1547]

VM state: not at safepoint (not fully initialized)

VM Mutex/Monitor currently owned by a thread:  ([mutex/lock_event])
[0x0000023ee7888d90] Heap_lock - owner thread: 0x0000023ee788e5d0

Heap address: 0x00000000c0000000, size: 1024 MB, Compressed Oops mode: 32-bit

CDS archive(s) mapped at: [0x0000000000000000-0x0000000000000000-0x0000000000000000), size 0, SharedBaseAddress: 0x0000000800000000, ArchiveRelocationMode: 1.
Narrow klass base: 0x0000000000000000, Narrow klass shift: 0, Narrow klass range: 0x0

GC Precious Log:
<Empty>

Heap:
 garbage-first heap   total 0K, used 0K [0x00000000c0000000, 0x0000000100000000)
  region size 1024K, 0 young (0K), 0 survivors (0K)
 Metaspace       used 0K, committed 0K, reserved 0K
  class space    used 0K, committed 0K, reserved 0K

Heap Regions: E=young(eden), S=young(survivor), O=old, HS=humongous(starts), HC=humongous(continues), CS=collection set, F=free, OA=open archive, CA=closed archive, TAMS=top-at-mark-start (previous, next)

Card table byte_map: [0x0000023efa770000,0x0000023efa970000] _byte_map_base: 0x0000023efa170000

Marking Bits (Prev, Next): (CMBitMap*) 0x0000023ee78ccec0, (CMBitMap*) 0x0000023ee78ccf00
 Prev Bits: [0x0000023efab70000, 0x0000023efbb70000)
 Next Bits: [0x0000023efbb70000, 0x0000023efcb70000)

GC Heap History (0 events):
No events

Dll operation events (1 events):
Event: 0.005 Loaded shared library C:\Program Files\JetBrains\IntelliJ IDEA 2024.1.2\jbr\bin\java.dll

Deoptimization events (0 events):
No events

Classes unloaded (0 events):
No events

Classes redefined (0 events):
No events

Internal exceptions (0 events):
No events

VM Operations (0 events):
No events

Events (0 events):
No events


Dynamic libraries:
0x00007ff69f760000 - 0x00007ff69f76a000 	C:\Program Files\JetBrains\IntelliJ IDEA 2024.1.2\jbr\bin\java.exe
0x00007ffb312a0000 - 0x00007ffb314a9000 	C:\WINDOWS\SYSTEM32\ntdll.dll
0x00007ffb30420000 - 0x00007ffb304dd000 	C:\WINDOWS\System32\KERNEL32.DLL
0x00007ffb2ebc0000 - 0x00007ffb2ef44000 	C:\WINDOWS\System32\KERNELBASE.dll
0x00007ffb2ea70000 - 0x00007ffb2eb81000 	C:\WINDOWS\System32\ucrtbase.dll
0x00007ffb22490000 - 0x00007ffb224a7000 	C:\Program Files\JetBrains\IntelliJ IDEA 2024.1.2\jbr\bin\jli.dll
0x00007ffb15e90000 - 0x00007ffb15eab000 	C:\Program Files\JetBrains\IntelliJ IDEA 2024.1.2\jbr\bin\VCRUNTIME140.dll
0x00007ffb2f990000 - 0x00007ffb2fb3d000 	C:\WINDOWS\System32\USER32.dll
0x00007ffb1a730000 - 0x00007ffb1a9d5000 	C:\WINDOWS\WinSxS\amd64_microsoft.windows.common-controls_6595b64144ccf1df_6.0.22000.120_none_9d947278b86cc467\COMCTL32.dll
0x00007ffb2eb90000 - 0x00007ffb2ebb6000 	C:\WINDOWS\System32\win32u.dll
0x00007ffb2f420000 - 0x00007ffb2f4c3000 	C:\WINDOWS\System32\msvcrt.dll
0x00007ffb304e0000 - 0x00007ffb3050a000 	C:\WINDOWS\System32\GDI32.dll
0x00007ffb2efd0000 - 0x00007ffb2f0ee000 	C:\WINDOWS\System32\gdi32full.dll
0x00007ffb2e9d0000 - 0x00007ffb2ea6d000 	C:\WINDOWS\System32\msvcp_win.dll
0x00007ffb2f190000 - 0x00007ffb2f1c1000 	C:\WINDOWS\System32\IMM32.DLL
0x00007ffb26300000 - 0x00007ffb2630c000 	C:\Program Files\JetBrains\IntelliJ IDEA 2024.1.2\jbr\bin\vcruntime140_1.dll
0x00007ffb0e2d0000 - 0x00007ffb0e35d000 	C:\Program Files\JetBrains\IntelliJ IDEA 2024.1.2\jbr\bin\msvcp140.dll
0x00007ffaac5b0000 - 0x00007ffaad233000 	C:\Program Files\JetBrains\IntelliJ IDEA 2024.1.2\jbr\bin\server\jvm.dll
0x00007ffb30c50000 - 0x00007ffb30cfe000 	C:\WINDOWS\System32\ADVAPI32.dll
0x00007ffb30380000 - 0x00007ffb3041e000 	C:\WINDOWS\System32\sechost.dll
0x00007ffb2f860000 - 0x00007ffb2f981000 	C:\WINDOWS\System32\RPCRT4.dll
0x00007ffb24ba0000 - 0x00007ffb24ba9000 	C:\WINDOWS\SYSTEM32\WSOCK32.dll
0x00007ffb2f4d0000 - 0x00007ffb2f53f000 	C:\WINDOWS\System32\WS2_32.dll
0x00007ffb2d090000 - 0x00007ffb2d0dd000 	C:\WINDOWS\SYSTEM32\POWRPROF.dll
0x00007ffb26140000 - 0x00007ffb26173000 	C:\WINDOWS\SYSTEM32\WINMM.dll
0x00007ffb248c0000 - 0x00007ffb248ca000 	C:\WINDOWS\SYSTEM32\VERSION.dll
0x00007ffb2d180000 - 0x00007ffb2d193000 	C:\WINDOWS\SYSTEM32\UMPDC.dll
0x00007ffb2d890000 - 0x00007ffb2d8a8000 	C:\WINDOWS\SYSTEM32\kernel.appcore.dll
0x00007ffb288b0000 - 0x00007ffb288ba000 	C:\Program Files\JetBrains\IntelliJ IDEA 2024.1.2\jbr\bin\jimage.dll
0x00007ffb2bde0000 - 0x00007ffb2c001000 	C:\WINDOWS\SYSTEM32\DBGHELP.DLL
0x00007ffb22240000 - 0x00007ffb22271000 	C:\WINDOWS\SYSTEM32\dbgcore.DLL
0x00007ffb2ef50000 - 0x00007ffb2efcf000 	C:\WINDOWS\System32\bcryptPrimitives.dll
0x00007ffb22440000 - 0x00007ffb22465000 	C:\Program Files\JetBrains\IntelliJ IDEA 2024.1.2\jbr\bin\java.dll

dbghelp: loaded successfully - version: 4.0.5 - missing functions: none
symbol engine: initialized successfully - sym options: 0x614 - pdb path: .;C:\Program Files\JetBrains\IntelliJ IDEA 2024.1.2\jbr\bin;C:\WINDOWS\SYSTEM32;C:\WINDOWS\WinSxS\amd64_microsoft.windows.common-controls_6595b64144ccf1df_6.0.22000.120_none_9d947278b86cc467;C:\Program Files\JetBrains\IntelliJ IDEA 2024.1.2\jbr\bin\server

VM Arguments:
jvm_args: -Djava.rmi.server.hostname=127.0.0.1 -Duser.timezone=UTC -Xmx1024m -Xms128m -Djdbc.classpath=C:\Program Files\JetBrains\IntelliJ IDEA 2024.1.2\plugins\DatabaseTools\lib\jdbc-console.jar;C:\Users\LENOVO\AppData\Roaming\JetBrains\IntelliJIdea2024.1\jdbc-drivers\MySQL ConnectorJ\8.2.0\com\mysql\mysql-connector-j\8.2.0\mysql-connector-j-8.2.0.jar;C:\Users\LENOVO\AppData\Roaming\JetBrains\IntelliJIdea2024.1\jdbc-drivers\MySQL ConnectorJ\8.2.0\com\google\protobuf\protobuf-java\3.21.9\protobuf-java-3.21.9.jar --add-exports=java.desktop/sun.awt=ALL-UNNAMED --add-exports=java.desktop/java.awt.peer=ALL-UNNAMED --add-opens=java.desktop/java.awt=ALL-UNNAMED --add-opens=jdk.unsupported/sun.misc=ALL-UNNAMED --add-opens=java.base/java.nio=ALL-UNNAMED --add-opens=java.base/java.util=ALL-UNNAMED -Dfile.encoding=UTF-8 
java_command: com.intellij.database.remote.RemoteJdbcServer com.mysql.cj.jdbc.Driver
java_class_path (initial): C:\Program Files\JetBrains\IntelliJ IDEA 2024.1.2\lib\util_rt.jar;C:\Program Files\JetBrains\IntelliJ IDEA 2024.1.2\lib\util-8.jar;C:\Program Files\JetBrains\IntelliJ IDEA 2024.1.2\lib\groovy.jar;C:\Program Files\JetBrains\IntelliJ IDEA 2024.1.2\plugins\DatabaseTools\lib\jdbc-console.jar;C:\Program Files\JetBrains\IntelliJ IDEA 2024.1.2\plugins\grid-core-impl\lib\jdbc-console-types.jar;C:\Program Files\JetBrains\IntelliJ IDEA 2024.1.2\lib\util.jar
Launcher Type: SUN_STANDARD

[Global flags]
     intx CICompilerCount                          = 4                                         {product} {ergonomic}
     uint ConcGCThreads                            = 3                                         {product} {ergonomic}
     uint G1ConcRefinementThreads                  = 10                                        {product} {ergonomic}
   size_t G1HeapRegionSize                         = 1048576                                   {product} {ergonomic}
    uintx GCDrainStackTargetSize                   = 64                                        {product} {ergonomic}
   size_t InitialHeapSize                          = 134217728                                 {product} {command line}
   size_t MarkStackSize                            = 4194304                                   {product} {ergonomic}
   size_t MaxHeapSize                              = 1073741824                                {product} {command line}
   size_t MinHeapDeltaBytes                        = 1048576                                   {product} {ergonomic}
   size_t MinHeapSize                              = 134217728                                 {product} {command line}
    uintx NonNMethodCodeHeapSize                   = 5839372                                {pd product} {ergonomic}
    uintx NonProfiledCodeHeapSize                  = 122909434                              {pd product} {ergonomic}
    uintx ProfiledCodeHeapSize                     = 122909434                              {pd product} {ergonomic}
    uintx ReservedCodeCacheSize                    = 251658240                              {pd product} {ergonomic}
     bool SegmentedCodeCache                       = true                                      {product} {ergonomic}
   size_t SoftMaxHeapSize                          = 1073741824                             {manageable} {ergonomic}
     bool UseCompressedClassPointers               = true                           {product lp64_product} {ergonomic}
     bool UseCompressedOops                        = true                           {product lp64_product} {ergonomic}
     bool UseG1GC                                  = true                                      {product} {ergonomic}
     bool UseLargePagesIndividualAllocation        = false                                  {pd product} {ergonomic}

Logging:
Log output configuration:
 #0: stdout all=warning uptime,level,tags
 #1: stderr all=off uptime,level,tags

Environment Variables:
PATH=C:\Program Files\Common Files\Oracle\Java\javapath;C:\Windows\system32;C:\Windows;C:\Windows\System32\Wbem;C:\Windows\System32\WindowsPowerShell\v1.0\;C:\Windows\System32\OpenSSH\;C:\Program Files (x86)\NVIDIA Corporation\PhysX\Common;C:\Program Files\NVIDIA Corporation\NVIDIA NvDLISR;C:\WINDOWS\system32;C:\WINDOWS;C:\WINDOWS\System32\Wbem;C:\WINDOWS\System32\WindowsPowerShell\v1.0\;C:\WINDOWS\System32\OpenSSH\;C:\Program Files\Git\cmd;C:\Program Files\nodejs\;C:\Program Files\MySQL\MySQL Shell 8.0\bin\;C:\Users\LENOVO\AppData\Local\Microsoft\WindowsApps;C:\Users\LENOVO\AppData\Local\GitHubDesktop\bin;D:\program\Microsoft VS Code\bin;C:\Users\LENOVO\AppData\Roaming\npm
USERNAME=LENOVO
OS=Windows_NT
PROCESSOR_IDENTIFIER=AMD64 Family 25 Model 80 Stepping 0, AuthenticAMD
TMP=C:\Users\LENOVO\AppData\Local\Temp
TEMP=C:\Users\LENOVO\AppData\Local\Temp



Periodic native trim disabled

JNI global refs:
JNI global refs: 0, weak refs: 0

JNI global refs memory usage: 0, weak refs: 0

Process memory usage:
Resident Set Size: 11420K (0% of 14528572K total physical memory with 295436K free physical memory)

OOME stack traces (most recent first):
Classloader memory used:


---------------  S Y S T E M  ---------------

OS:
 Windows 11 , 64 bit Build 22000 (10.0.22000.2538)
OS uptime: 6 days 0:12 hours

CPU: total 12 (initial active 12) (12 cores per cpu, 2 threads per core) family 25 model 80 stepping 0 microcode 0x0, cx8, cmov, fxsr, ht, mmx, 3dnowpref, sse, sse2, sse3, ssse3, sse4a, sse4.1, sse4.2, popcnt, lzcnt, tsc, tscinvbit, avx, avx2, aes, erms, clmul, bmi1, bmi2, adx, sha, fma, vzeroupper, clflush, clflushopt
Processor Information for processor 0
  Max Mhz: 3301, Current Mhz: 3301, Mhz Limit: 3301
Processor Information for processor 1
  Max Mhz: 3301, Current Mhz: 2630, Mhz Limit: 3301
Processor Information for processor 2
  Max Mhz: 3301, Current Mhz: 2630, Mhz Limit: 3301
Processor Information for processor 3
  Max Mhz: 3301, Current Mhz: 2630, Mhz Limit: 3301
Processor Information for processor 4
  Max Mhz: 3301, Current Mhz: 3301, Mhz Limit: 3301
Processor Information for processor 5
  Max Mhz: 3301, Current Mhz: 2630, Mhz Limit: 3301
Processor Information for processor 6
  Max Mhz: 3301, Current Mhz: 2630, Mhz Limit: 3301
Processor Information for processor 7
  Max Mhz: 3301, Current Mhz: 2630, Mhz Limit: 3301
Processor Information for processor 8
  Max Mhz: 3301, Current Mhz: 2630, Mhz Limit: 3301
Processor Information for processor 9
  Max Mhz: 3301, Current Mhz: 2630, Mhz Limit: 3301
Processor Information for processor 10
  Max Mhz: 3301, Current Mhz: 3301, Mhz Limit: 3301
Processor Information for processor 11
  Max Mhz: 3301, Current Mhz: 2630, Mhz Limit: 3301

Memory: 4k page, system-wide physical 14188M (288M free)
TotalPageFile size 33388M (AvailPageFile size 118M)
current process WorkingSet (physical memory assigned to process): 11M, peak: 11M
current process commit charge ("private bytes"): 64M, peak: 191M

vm_info: OpenJDK 64-Bit Server VM (17.0.11+1-b1207.24) for windows-amd64 JRE (17.0.11+1-b1207.24), built on 2024-05-15 by "builduser" with MS VC++ 16.10 / 16.11 (VS2019)

END.
