#
# There is insufficient memory for the Java Runtime Environment to continue.
# Native memory allocation (malloc) failed to allocate 32744 bytes. Error detail: ChunkPool::allocate
# Possible reasons:
#   The system is out of physical RAM or swap space
#   This process is running with CompressedOops enabled, and the Java Heap may be blocking the growth of the native heap
# Possible solutions:
#   Reduce memory load on the system
#   Increase physical memory or swap space
#   Check if swap backing store is full
#   Decrease Java heap size (-Xmx/-Xms)
#   Decrease number of Java threads
#   Decrease Java thread stack sizes (-Xss)
#   Set larger code cache with -XX:ReservedCodeCacheSize=
#   JVM is running with Unscaled Compressed Oops mode in which the Java heap is
#     placed in the first 4GB address space. The Java Heap base address is the
#     maximum limit for the native heap growth. Please use -XX:HeapBaseMinAddress
#     to set the Java Heap base and to place the Java Heap above 4GB virtual address.
# This output file may be truncated or incomplete.
#
#  Out of Memory Error (arena.cpp:79), pid=17364, tid=71260
#
# JRE version: OpenJDK Runtime Environment JBR-17.0.11+1-1207.24-jcef (17.0.11+1) (build 17.0.11+1-b1207.24)
# Java VM: OpenJDK 64-Bit Server VM JBR-17.0.11+1-1207.24-jcef (17.0.11+1-b1207.24, mixed mode, tiered, compressed oops, compressed class ptrs, g1 gc, windows-amd64)
# No core dump will be written. Minidumps are not enabled by default on client versions of Windows
#

---------------  S U M M A R Y ------------

Command Line: -Djava.rmi.server.hostname=127.0.0.1 -Duser.timezone=UTC -Xmx1024m -Xms128m -Djdbc.classpath=C:\Program Files\JetBrains\IntelliJ IDEA 2024.1.2\plugins\DatabaseTools\lib\jdbc-console.jar;C:\Users\LENOVO\AppData\Roaming\JetBrains\IntelliJIdea2024.1\jdbc-drivers\MySQL ConnectorJ\8.2.0\com\mysql\mysql-connector-j\8.2.0\mysql-connector-j-8.2.0.jar;C:\Users\LENOVO\AppData\Roaming\JetBrains\IntelliJIdea2024.1\jdbc-drivers\MySQL ConnectorJ\8.2.0\com\google\protobuf\protobuf-java\3.21.9\protobuf-java-3.21.9.jar --add-exports=java.desktop/sun.awt=ALL-UNNAMED --add-exports=java.desktop/java.awt.peer=ALL-UNNAMED --add-opens=java.desktop/java.awt=ALL-UNNAMED --add-opens=jdk.unsupported/sun.misc=ALL-UNNAMED --add-opens=java.base/java.nio=ALL-UNNAMED --add-opens=java.base/java.util=ALL-UNNAMED -Dfile.encoding=UTF-8 com.intellij.database.remote.RemoteJdbcServer com.mysql.cj.jdbc.Driver

Host: AMD Ryzen 5 5600H with Radeon Graphics         , 12 cores, 13G,  Windows 11 , 64 bit Build 22000 (10.0.22000.2538)
Time: Tue Sep 24 13:53:55 2024 SE Asia Standard Time elapsed time: 0.480494 seconds (0d 0h 0m 0s)

---------------  T H R E A D  ---------------

Current thread (0x000001e1e39e3010):  JavaThread "C1 CompilerThread0" daemon [_thread_in_native, id=71260, stack(0x0000006838800000,0x0000006838900000)]


Current CompileTask:
C1:    480  880       3       sun.net.util.URLUtil::urlNoFragString (114 bytes)

Stack: [0x0000006838800000,0x0000006838900000]
Native frames: (J=compiled Java code, j=interpreted, Vv=VM code, C=native code)
V  [jvm.dll+0x6877f9]
V  [jvm.dll+0x8411aa]
V  [jvm.dll+0x842e2e]
V  [jvm.dll+0x843493]
V  [jvm.dll+0x249fdf]
V  [jvm.dll+0xac741]
V  [jvm.dll+0xacb8c]
V  [jvm.dll+0x11eda5]
V  [jvm.dll+0x17c49d]
V  [jvm.dll+0x17d083]
V  [jvm.dll+0x137653]
V  [jvm.dll+0x136f5f]
V  [jvm.dll+0x137196]
V  [jvm.dll+0x13662a]
V  [jvm.dll+0x1382e1]
V  [jvm.dll+0x22ae8e]
V  [jvm.dll+0x229015]
V  [jvm.dll+0x7f53a7]
V  [jvm.dll+0x7ef7aa]
V  [jvm.dll+0x686675]
C  [ucrtbase.dll+0x26c0c]
C  [KERNEL32.DLL+0x153e0]
C  [ntdll.dll+0x485b]


---------------  P R O C E S S  ---------------

Threads class SMR info:
_java_thread_list=0x000001e1e82d4c70, length=23, elements={
0x000001e1c999c6c0, 0x000001e1e385f300, 0x000001e1e3860180, 0x000001e1e3889540,
0x000001e1e3889f00, 0x000001e1e388a8c0, 0x000001e1e388b280, 0x000001e1e388c020,
0x000001e1e39e3010, 0x000001e1e39eea40, 0x000001e1e3b82010, 0x000001e1e3b82900,
0x000001e1e3c5b7a0, 0x000001e1e80f7c70, 0x000001e1e80f5620, 0x000001e1e812c440,
0x000001e1e3cf7160, 0x000001e1e80e7c90, 0x000001e1e80e8170, 0x000001e1e82c08e0,
0x000001e1e82c0df0, 0x000001e1e82c03d0, 0x000001e1e82c1300
}

Java Threads: ( => current thread )
  0x000001e1c999c6c0 JavaThread "main" [_thread_blocked, id=30868, stack(0x0000006837a00000,0x0000006837b00000)]
  0x000001e1e385f300 JavaThread "Reference Handler" daemon [_thread_blocked, id=46452, stack(0x0000006838100000,0x0000006838200000)]
  0x000001e1e3860180 JavaThread "Finalizer" daemon [_thread_blocked, id=57468, stack(0x0000006838200000,0x0000006838300000)]
  0x000001e1e3889540 JavaThread "Signal Dispatcher" daemon [_thread_blocked, id=68840, stack(0x0000006838300000,0x0000006838400000)]
  0x000001e1e3889f00 JavaThread "Attach Listener" daemon [_thread_blocked, id=81204, stack(0x0000006838400000,0x0000006838500000)]
  0x000001e1e388a8c0 JavaThread "Service Thread" daemon [_thread_blocked, id=48732, stack(0x0000006838500000,0x0000006838600000)]
  0x000001e1e388b280 JavaThread "Monitor Deflation Thread" daemon [_thread_blocked, id=82792, stack(0x0000006838600000,0x0000006838700000)]
  0x000001e1e388c020 JavaThread "C2 CompilerThread0" daemon [_thread_in_native, id=58876, stack(0x0000006838700000,0x0000006838800000)]
=>0x000001e1e39e3010 JavaThread "C1 CompilerThread0" daemon [_thread_in_native, id=71260, stack(0x0000006838800000,0x0000006838900000)]
  0x000001e1e39eea40 JavaThread "Sweeper thread" daemon [_thread_blocked, id=64080, stack(0x0000006838900000,0x0000006838a00000)]
  0x000001e1e3b82010 JavaThread "Common-Cleaner" daemon [_thread_blocked, id=80196, stack(0x0000006838a00000,0x0000006838b00000)]
  0x000001e1e3b82900 JavaThread "Notification Thread" daemon [_thread_blocked, id=67476, stack(0x0000006838b00000,0x0000006838c00000)]
  0x000001e1e3c5b7a0 JavaThread "mysql-cj-abandoned-connection-cleanup" daemon [_thread_blocked, id=81696, stack(0x0000006838d00000,0x0000006838e00000)]
  0x000001e1e80f7c70 JavaThread "RMI TCP Accept-48250" daemon [_thread_in_native, id=62652, stack(0x0000006838e00000,0x0000006838f00000)]
  0x000001e1e80f5620 JavaThread "RMI TCP Accept-0" daemon [_thread_in_native, id=80988, stack(0x0000006838f00000,0x0000006839000000)]
  0x000001e1e812c440 JavaThread "RMI Reaper" [_thread_blocked, id=77656, stack(0x0000006839000000,0x0000006839100000)]
  0x000001e1e3cf7160 JavaThread "RMI GC Daemon" daemon [_thread_blocked, id=82080, stack(0x0000006839100000,0x0000006839200000)]
  0x000001e1e80e7c90 JavaThread "RMI TCP Connection(1)-127.0.0.1" daemon [_thread_in_native, id=53272, stack(0x0000006839200000,0x0000006839300000)]
  0x000001e1e80e8170 JavaThread "RMI TCP Connection(2)-127.0.0.1" daemon [_thread_in_native, id=78748, stack(0x0000006839300000,0x0000006839400000)]
  0x000001e1e82c08e0 JavaThread "RMI Scheduler(0)" daemon [_thread_blocked, id=78500, stack(0x0000006839400000,0x0000006839500000)]
  0x000001e1e82c0df0 JavaThread "RMI TCP Connection(3)-127.0.0.1" daemon [_thread_in_vm, id=74208, stack(0x0000006839500000,0x0000006839600000)]
  0x000001e1e82c03d0 JavaThread "RMI TCP Connection(4)-127.0.0.1" daemon [_thread_in_native, id=41116, stack(0x0000006839600000,0x0000006839700000)]
  0x000001e1e82c1300 JavaThread "RMI RenewClean-[127.0.0.1:50121]" daemon [_thread_blocked, id=82400, stack(0x0000006839700000,0x0000006839800000)]

Other Threads:
  0x000001e1e385dc60 VMThread "VM Thread" [stack: 0x0000006838000000,0x0000006838100000] [id=79920]
  0x000001e1e3b831f0 WatcherThread [stack: 0x0000006838c00000,0x0000006838d00000] [id=29108]
  0x000001e1c99da990 GCTaskThread "GC Thread#0" [stack: 0x0000006837b00000,0x0000006837c00000] [id=74048]
  0x000001e1c99e38e0 ConcurrentGCThread "G1 Main Marker" [stack: 0x0000006837c00000,0x0000006837d00000] [id=74836]
  0x000001e1c99e4aa0 ConcurrentGCThread "G1 Conc#0" [stack: 0x0000006837d00000,0x0000006837e00000] [id=80792]
  0x000001e1e36d44e0 ConcurrentGCThread "G1 Refine#0" [stack: 0x0000006837e00000,0x0000006837f00000] [id=81400]
  0x000001e1c9a58090 ConcurrentGCThread "G1 Service" [stack: 0x0000006837f00000,0x0000006838000000] [id=81264]

Threads with active compile tasks:
C2 CompilerThread0      489  750       4       jdk.internal.org.objectweb.asm.Frame::execute (2305 bytes)
C1 CompilerThread0      490  880       3       sun.net.util.URLUtil::urlNoFragString (114 bytes)

VM state: not at safepoint (normal execution)

VM Mutex/Monitor currently owned by a thread:  ([mutex/lock_event])
[0x000001e1c9995420] Metaspace_lock - owner thread: 0x000001e1e82c0df0

Heap address: 0x00000000c0000000, size: 1024 MB, Compressed Oops mode: 32-bit

CDS archive(s) not mapped
Compressed class space mapped at: 0x0000000100000000-0x0000000140000000, reserved size: 1073741824
Narrow klass base: 0x0000000000000000, Narrow klass shift: 3, Narrow klass range: 0x140000000

GC Precious Log:
 CPUs: 12 total, 12 available
 Memory: 14188M
 Large Page Support: Disabled
 NUMA Support: Disabled
 Compressed Oops: Enabled (32-bit)
 Heap Region Size: 1M
 Heap Min Capacity: 128M
 Heap Initial Capacity: 128M
 Heap Max Capacity: 1G
 Pre-touch: Disabled
 Parallel Workers: 10
 Concurrent Workers: 3
 Concurrent Refinement Workers: 10
 Periodic GC: Disabled

Heap:
 garbage-first heap   total 131072K, used 15360K [0x00000000c0000000, 0x0000000100000000)
  region size 1024K, 14 young (14336K), 0 survivors (0K)
 Metaspace       used 14007K, committed 14272K, reserved 1114112K
  class space    used 1472K, committed 1600K, reserved 1048576K

Heap Regions: E=young(eden), S=young(survivor), O=old, HS=humongous(starts), HC=humongous(continues), CS=collection set, F=free, OA=open archive, CA=closed archive, TAMS=top-at-mark-start (previous, next)
|   0|0x00000000c0000000, 0x00000000c0100000, 0x00000000c0100000|100%|HS|  |TAMS 0x00000000c0000000, 0x00000000c0000000| Complete 
|   1|0x00000000c0100000, 0x00000000c0200000, 0x00000000c0200000|100%|HC|  |TAMS 0x00000000c0100000, 0x00000000c0100000| Complete 
|   2|0x00000000c0200000, 0x00000000c0300000, 0x00000000c0300000|100%|HC|  |TAMS 0x00000000c0200000, 0x00000000c0200000| Complete 
|   3|0x00000000c0300000, 0x00000000c0300000, 0x00000000c0400000|  0%| F|  |TAMS 0x00000000c0300000, 0x00000000c0300000| Untracked 
|   4|0x00000000c0400000, 0x00000000c0400000, 0x00000000c0500000|  0%| F|  |TAMS 0x00000000c0400000, 0x00000000c0400000| Untracked 
|   5|0x00000000c0500000, 0x00000000c0500000, 0x00000000c0600000|  0%| F|  |TAMS 0x00000000c0500000, 0x00000000c0500000| Untracked 
|   6|0x00000000c0600000, 0x00000000c0600000, 0x00000000c0700000|  0%| F|  |TAMS 0x00000000c0600000, 0x00000000c0600000| Untracked 
|   7|0x00000000c0700000, 0x00000000c0700000, 0x00000000c0800000|  0%| F|  |TAMS 0x00000000c0700000, 0x00000000c0700000| Untracked 
|   8|0x00000000c0800000, 0x00000000c0800000, 0x00000000c0900000|  0%| F|  |TAMS 0x00000000c0800000, 0x00000000c0800000| Untracked 
|   9|0x00000000c0900000, 0x00000000c0900000, 0x00000000c0a00000|  0%| F|  |TAMS 0x00000000c0900000, 0x00000000c0900000| Untracked 
|  10|0x00000000c0a00000, 0x00000000c0a00000, 0x00000000c0b00000|  0%| F|  |TAMS 0x00000000c0a00000, 0x00000000c0a00000| Untracked 
|  11|0x00000000c0b00000, 0x00000000c0b00000, 0x00000000c0c00000|  0%| F|  |TAMS 0x00000000c0b00000, 0x00000000c0b00000| Untracked 
|  12|0x00000000c0c00000, 0x00000000c0c00000, 0x00000000c0d00000|  0%| F|  |TAMS 0x00000000c0c00000, 0x00000000c0c00000| Untracked 
|  13|0x00000000c0d00000, 0x00000000c0d00000, 0x00000000c0e00000|  0%| F|  |TAMS 0x00000000c0d00000, 0x00000000c0d00000| Untracked 
|  14|0x00000000c0e00000, 0x00000000c0e00000, 0x00000000c0f00000|  0%| F|  |TAMS 0x00000000c0e00000, 0x00000000c0e00000| Untracked 
|  15|0x00000000c0f00000, 0x00000000c0f00000, 0x00000000c1000000|  0%| F|  |TAMS 0x00000000c0f00000, 0x00000000c0f00000| Untracked 
|  16|0x00000000c1000000, 0x00000000c1000000, 0x00000000c1100000|  0%| F|  |TAMS 0x00000000c1000000, 0x00000000c1000000| Untracked 
|  17|0x00000000c1100000, 0x00000000c1100000, 0x00000000c1200000|  0%| F|  |TAMS 0x00000000c1100000, 0x00000000c1100000| Untracked 
|  18|0x00000000c1200000, 0x00000000c1200000, 0x00000000c1300000|  0%| F|  |TAMS 0x00000000c1200000, 0x00000000c1200000| Untracked 
|  19|0x00000000c1300000, 0x00000000c1300000, 0x00000000c1400000|  0%| F|  |TAMS 0x00000000c1300000, 0x00000000c1300000| Untracked 
|  20|0x00000000c1400000, 0x00000000c1400000, 0x00000000c1500000|  0%| F|  |TAMS 0x00000000c1400000, 0x00000000c1400000| Untracked 
|  21|0x00000000c1500000, 0x00000000c1500000, 0x00000000c1600000|  0%| F|  |TAMS 0x00000000c1500000, 0x00000000c1500000| Untracked 
|  22|0x00000000c1600000, 0x00000000c1600000, 0x00000000c1700000|  0%| F|  |TAMS 0x00000000c1600000, 0x00000000c1600000| Untracked 
|  23|0x00000000c1700000, 0x00000000c1700000, 0x00000000c1800000|  0%| F|  |TAMS 0x00000000c1700000, 0x00000000c1700000| Untracked 
|  24|0x00000000c1800000, 0x00000000c1800000, 0x00000000c1900000|  0%| F|  |TAMS 0x00000000c1800000, 0x00000000c1800000| Untracked 
|  25|0x00000000c1900000, 0x00000000c1900000, 0x00000000c1a00000|  0%| F|  |TAMS 0x00000000c1900000, 0x00000000c1900000| Untracked 
|  26|0x00000000c1a00000, 0x00000000c1a00000, 0x00000000c1b00000|  0%| F|  |TAMS 0x00000000c1a00000, 0x00000000c1a00000| Untracked 
|  27|0x00000000c1b00000, 0x00000000c1b00000, 0x00000000c1c00000|  0%| F|  |TAMS 0x00000000c1b00000, 0x00000000c1b00000| Untracked 
|  28|0x00000000c1c00000, 0x00000000c1c00000, 0x00000000c1d00000|  0%| F|  |TAMS 0x00000000c1c00000, 0x00000000c1c00000| Untracked 
|  29|0x00000000c1d00000, 0x00000000c1d00000, 0x00000000c1e00000|  0%| F|  |TAMS 0x00000000c1d00000, 0x00000000c1d00000| Untracked 
|  30|0x00000000c1e00000, 0x00000000c1e00000, 0x00000000c1f00000|  0%| F|  |TAMS 0x00000000c1e00000, 0x00000000c1e00000| Untracked 
|  31|0x00000000c1f00000, 0x00000000c1f00000, 0x00000000c2000000|  0%| F|  |TAMS 0x00000000c1f00000, 0x00000000c1f00000| Untracked 
|  32|0x00000000c2000000, 0x00000000c2000000, 0x00000000c2100000|  0%| F|  |TAMS 0x00000000c2000000, 0x00000000c2000000| Untracked 
|  33|0x00000000c2100000, 0x00000000c2100000, 0x00000000c2200000|  0%| F|  |TAMS 0x00000000c2100000, 0x00000000c2100000| Untracked 
|  34|0x00000000c2200000, 0x00000000c2200000, 0x00000000c2300000|  0%| F|  |TAMS 0x00000000c2200000, 0x00000000c2200000| Untracked 
|  35|0x00000000c2300000, 0x00000000c2300000, 0x00000000c2400000|  0%| F|  |TAMS 0x00000000c2300000, 0x00000000c2300000| Untracked 
|  36|0x00000000c2400000, 0x00000000c2400000, 0x00000000c2500000|  0%| F|  |TAMS 0x00000000c2400000, 0x00000000c2400000| Untracked 
|  37|0x00000000c2500000, 0x00000000c2500000, 0x00000000c2600000|  0%| F|  |TAMS 0x00000000c2500000, 0x00000000c2500000| Untracked 
|  38|0x00000000c2600000, 0x00000000c2600000, 0x00000000c2700000|  0%| F|  |TAMS 0x00000000c2600000, 0x00000000c2600000| Untracked 
|  39|0x00000000c2700000, 0x00000000c2700000, 0x00000000c2800000|  0%| F|  |TAMS 0x00000000c2700000, 0x00000000c2700000| Untracked 
|  40|0x00000000c2800000, 0x00000000c2800000, 0x00000000c2900000|  0%| F|  |TAMS 0x00000000c2800000, 0x00000000c2800000| Untracked 
|  41|0x00000000c2900000, 0x00000000c2900000, 0x00000000c2a00000|  0%| F|  |TAMS 0x00000000c2900000, 0x00000000c2900000| Untracked 
|  42|0x00000000c2a00000, 0x00000000c2a00000, 0x00000000c2b00000|  0%| F|  |TAMS 0x00000000c2a00000, 0x00000000c2a00000| Untracked 
|  43|0x00000000c2b00000, 0x00000000c2b00000, 0x00000000c2c00000|  0%| F|  |TAMS 0x00000000c2b00000, 0x00000000c2b00000| Untracked 
|  44|0x00000000c2c00000, 0x00000000c2c00000, 0x00000000c2d00000|  0%| F|  |TAMS 0x00000000c2c00000, 0x00000000c2c00000| Untracked 
|  45|0x00000000c2d00000, 0x00000000c2d00000, 0x00000000c2e00000|  0%| F|  |TAMS 0x00000000c2d00000, 0x00000000c2d00000| Untracked 
|  46|0x00000000c2e00000, 0x00000000c2e00000, 0x00000000c2f00000|  0%| F|  |TAMS 0x00000000c2e00000, 0x00000000c2e00000| Untracked 
|  47|0x00000000c2f00000, 0x00000000c2f00000, 0x00000000c3000000|  0%| F|  |TAMS 0x00000000c2f00000, 0x00000000c2f00000| Untracked 
|  48|0x00000000c3000000, 0x00000000c3000000, 0x00000000c3100000|  0%| F|  |TAMS 0x00000000c3000000, 0x00000000c3000000| Untracked 
|  49|0x00000000c3100000, 0x00000000c3100000, 0x00000000c3200000|  0%| F|  |TAMS 0x00000000c3100000, 0x00000000c3100000| Untracked 
|  50|0x00000000c3200000, 0x00000000c3200000, 0x00000000c3300000|  0%| F|  |TAMS 0x00000000c3200000, 0x00000000c3200000| Untracked 
|  51|0x00000000c3300000, 0x00000000c3300000, 0x00000000c3400000|  0%| F|  |TAMS 0x00000000c3300000, 0x00000000c3300000| Untracked 
|  52|0x00000000c3400000, 0x00000000c3400000, 0x00000000c3500000|  0%| F|  |TAMS 0x00000000c3400000, 0x00000000c3400000| Untracked 
|  53|0x00000000c3500000, 0x00000000c3500000, 0x00000000c3600000|  0%| F|  |TAMS 0x00000000c3500000, 0x00000000c3500000| Untracked 
|  54|0x00000000c3600000, 0x00000000c3600000, 0x00000000c3700000|  0%| F|  |TAMS 0x00000000c3600000, 0x00000000c3600000| Untracked 
|  55|0x00000000c3700000, 0x00000000c3700000, 0x00000000c3800000|  0%| F|  |TAMS 0x00000000c3700000, 0x00000000c3700000| Untracked 
|  56|0x00000000c3800000, 0x00000000c3800000, 0x00000000c3900000|  0%| F|  |TAMS 0x00000000c3800000, 0x00000000c3800000| Untracked 
|  57|0x00000000c3900000, 0x00000000c3900000, 0x00000000c3a00000|  0%| F|  |TAMS 0x00000000c3900000, 0x00000000c3900000| Untracked 
|  58|0x00000000c3a00000, 0x00000000c3a00000, 0x00000000c3b00000|  0%| F|  |TAMS 0x00000000c3a00000, 0x00000000c3a00000| Untracked 
|  59|0x00000000c3b00000, 0x00000000c3b00000, 0x00000000c3c00000|  0%| F|  |TAMS 0x00000000c3b00000, 0x00000000c3b00000| Untracked 
|  60|0x00000000c3c00000, 0x00000000c3c00000, 0x00000000c3d00000|  0%| F|  |TAMS 0x00000000c3c00000, 0x00000000c3c00000| Untracked 
|  61|0x00000000c3d00000, 0x00000000c3d00000, 0x00000000c3e00000|  0%| F|  |TAMS 0x00000000c3d00000, 0x00000000c3d00000| Untracked 
|  62|0x00000000c3e00000, 0x00000000c3e00000, 0x00000000c3f00000|  0%| F|  |TAMS 0x00000000c3e00000, 0x00000000c3e00000| Untracked 
|  63|0x00000000c3f00000, 0x00000000c3f00000, 0x00000000c4000000|  0%| F|  |TAMS 0x00000000c3f00000, 0x00000000c3f00000| Untracked 
|  64|0x00000000c4000000, 0x00000000c4000000, 0x00000000c4100000|  0%| F|  |TAMS 0x00000000c4000000, 0x00000000c4000000| Untracked 
|  65|0x00000000c4100000, 0x00000000c4100000, 0x00000000c4200000|  0%| F|  |TAMS 0x00000000c4100000, 0x00000000c4100000| Untracked 
|  66|0x00000000c4200000, 0x00000000c4200000, 0x00000000c4300000|  0%| F|  |TAMS 0x00000000c4200000, 0x00000000c4200000| Untracked 
|  67|0x00000000c4300000, 0x00000000c4300000, 0x00000000c4400000|  0%| F|  |TAMS 0x00000000c4300000, 0x00000000c4300000| Untracked 
|  68|0x00000000c4400000, 0x00000000c4400000, 0x00000000c4500000|  0%| F|  |TAMS 0x00000000c4400000, 0x00000000c4400000| Untracked 
|  69|0x00000000c4500000, 0x00000000c4500000, 0x00000000c4600000|  0%| F|  |TAMS 0x00000000c4500000, 0x00000000c4500000| Untracked 
|  70|0x00000000c4600000, 0x00000000c4600000, 0x00000000c4700000|  0%| F|  |TAMS 0x00000000c4600000, 0x00000000c4600000| Untracked 
|  71|0x00000000c4700000, 0x00000000c4700000, 0x00000000c4800000|  0%| F|  |TAMS 0x00000000c4700000, 0x00000000c4700000| Untracked 
|  72|0x00000000c4800000, 0x00000000c4800000, 0x00000000c4900000|  0%| F|  |TAMS 0x00000000c4800000, 0x00000000c4800000| Untracked 
|  73|0x00000000c4900000, 0x00000000c4900000, 0x00000000c4a00000|  0%| F|  |TAMS 0x00000000c4900000, 0x00000000c4900000| Untracked 
|  74|0x00000000c4a00000, 0x00000000c4a00000, 0x00000000c4b00000|  0%| F|  |TAMS 0x00000000c4a00000, 0x00000000c4a00000| Untracked 
|  75|0x00000000c4b00000, 0x00000000c4b00000, 0x00000000c4c00000|  0%| F|  |TAMS 0x00000000c4b00000, 0x00000000c4b00000| Untracked 
|  76|0x00000000c4c00000, 0x00000000c4c00000, 0x00000000c4d00000|  0%| F|  |TAMS 0x00000000c4c00000, 0x00000000c4c00000| Untracked 
|  77|0x00000000c4d00000, 0x00000000c4d00000, 0x00000000c4e00000|  0%| F|  |TAMS 0x00000000c4d00000, 0x00000000c4d00000| Untracked 
|  78|0x00000000c4e00000, 0x00000000c4e00000, 0x00000000c4f00000|  0%| F|  |TAMS 0x00000000c4e00000, 0x00000000c4e00000| Untracked 
|  79|0x00000000c4f00000, 0x00000000c4f00000, 0x00000000c5000000|  0%| F|  |TAMS 0x00000000c4f00000, 0x00000000c4f00000| Untracked 
|  80|0x00000000c5000000, 0x00000000c5000000, 0x00000000c5100000|  0%| F|  |TAMS 0x00000000c5000000, 0x00000000c5000000| Untracked 
|  81|0x00000000c5100000, 0x00000000c5100000, 0x00000000c5200000|  0%| F|  |TAMS 0x00000000c5100000, 0x00000000c5100000| Untracked 
|  82|0x00000000c5200000, 0x00000000c5200000, 0x00000000c5300000|  0%| F|  |TAMS 0x00000000c5200000, 0x00000000c5200000| Untracked 
|  83|0x00000000c5300000, 0x00000000c5300000, 0x00000000c5400000|  0%| F|  |TAMS 0x00000000c5300000, 0x00000000c5300000| Untracked 
|  84|0x00000000c5400000, 0x00000000c5400000, 0x00000000c5500000|  0%| F|  |TAMS 0x00000000c5400000, 0x00000000c5400000| Untracked 
|  85|0x00000000c5500000, 0x00000000c5500000, 0x00000000c5600000|  0%| F|  |TAMS 0x00000000c5500000, 0x00000000c5500000| Untracked 
|  86|0x00000000c5600000, 0x00000000c5600000, 0x00000000c5700000|  0%| F|  |TAMS 0x00000000c5600000, 0x00000000c5600000| Untracked 
|  87|0x00000000c5700000, 0x00000000c5700000, 0x00000000c5800000|  0%| F|  |TAMS 0x00000000c5700000, 0x00000000c5700000| Untracked 
|  88|0x00000000c5800000, 0x00000000c5800000, 0x00000000c5900000|  0%| F|  |TAMS 0x00000000c5800000, 0x00000000c5800000| Untracked 
|  89|0x00000000c5900000, 0x00000000c5900000, 0x00000000c5a00000|  0%| F|  |TAMS 0x00000000c5900000, 0x00000000c5900000| Untracked 
|  90|0x00000000c5a00000, 0x00000000c5a00000, 0x00000000c5b00000|  0%| F|  |TAMS 0x00000000c5a00000, 0x00000000c5a00000| Untracked 
|  91|0x00000000c5b00000, 0x00000000c5b00000, 0x00000000c5c00000|  0%| F|  |TAMS 0x00000000c5b00000, 0x00000000c5b00000| Untracked 
|  92|0x00000000c5c00000, 0x00000000c5c00000, 0x00000000c5d00000|  0%| F|  |TAMS 0x00000000c5c00000, 0x00000000c5c00000| Untracked 
|  93|0x00000000c5d00000, 0x00000000c5d00000, 0x00000000c5e00000|  0%| F|  |TAMS 0x00000000c5d00000, 0x00000000c5d00000| Untracked 
|  94|0x00000000c5e00000, 0x00000000c5e00000, 0x00000000c5f00000|  0%| F|  |TAMS 0x00000000c5e00000, 0x00000000c5e00000| Untracked 
|  95|0x00000000c5f00000, 0x00000000c5f00000, 0x00000000c6000000|  0%| F|  |TAMS 0x00000000c5f00000, 0x00000000c5f00000| Untracked 
|  96|0x00000000c6000000, 0x00000000c6000000, 0x00000000c6100000|  0%| F|  |TAMS 0x00000000c6000000, 0x00000000c6000000| Untracked 
|  97|0x00000000c6100000, 0x00000000c6100000, 0x00000000c6200000|  0%| F|  |TAMS 0x00000000c6100000, 0x00000000c6100000| Untracked 
|  98|0x00000000c6200000, 0x00000000c6200000, 0x00000000c6300000|  0%| F|  |TAMS 0x00000000c6200000, 0x00000000c6200000| Untracked 
|  99|0x00000000c6300000, 0x00000000c6300000, 0x00000000c6400000|  0%| F|  |TAMS 0x00000000c6300000, 0x00000000c6300000| Untracked 
| 100|0x00000000c6400000, 0x00000000c6400000, 0x00000000c6500000|  0%| F|  |TAMS 0x00000000c6400000, 0x00000000c6400000| Untracked 
| 101|0x00000000c6500000, 0x00000000c6500000, 0x00000000c6600000|  0%| F|  |TAMS 0x00000000c6500000, 0x00000000c6500000| Untracked 
| 102|0x00000000c6600000, 0x00000000c6600000, 0x00000000c6700000|  0%| F|  |TAMS 0x00000000c6600000, 0x00000000c6600000| Untracked 
| 103|0x00000000c6700000, 0x00000000c6700000, 0x00000000c6800000|  0%| F|  |TAMS 0x00000000c6700000, 0x00000000c6700000| Untracked 
| 104|0x00000000c6800000, 0x00000000c6800000, 0x00000000c6900000|  0%| F|  |TAMS 0x00000000c6800000, 0x00000000c6800000| Untracked 
| 105|0x00000000c6900000, 0x00000000c6900000, 0x00000000c6a00000|  0%| F|  |TAMS 0x00000000c6900000, 0x00000000c6900000| Untracked 
| 106|0x00000000c6a00000, 0x00000000c6a00000, 0x00000000c6b00000|  0%| F|  |TAMS 0x00000000c6a00000, 0x00000000c6a00000| Untracked 
| 107|0x00000000c6b00000, 0x00000000c6b00000, 0x00000000c6c00000|  0%| F|  |TAMS 0x00000000c6b00000, 0x00000000c6b00000| Untracked 
| 108|0x00000000c6c00000, 0x00000000c6c00000, 0x00000000c6d00000|  0%| F|  |TAMS 0x00000000c6c00000, 0x00000000c6c00000| Untracked 
| 109|0x00000000c6d00000, 0x00000000c6d00000, 0x00000000c6e00000|  0%| F|  |TAMS 0x00000000c6d00000, 0x00000000c6d00000| Untracked 
| 110|0x00000000c6e00000, 0x00000000c6e00000, 0x00000000c6f00000|  0%| F|  |TAMS 0x00000000c6e00000, 0x00000000c6e00000| Untracked 
| 111|0x00000000c6f00000, 0x00000000c6f00000, 0x00000000c7000000|  0%| F|  |TAMS 0x00000000c6f00000, 0x00000000c6f00000| Untracked 
| 112|0x00000000c7000000, 0x00000000c7000000, 0x00000000c7100000|  0%| F|  |TAMS 0x00000000c7000000, 0x00000000c7000000| Untracked 
| 113|0x00000000c7100000, 0x00000000c7100000, 0x00000000c7200000|  0%| F|  |TAMS 0x00000000c7100000, 0x00000000c7100000| Untracked 
| 114|0x00000000c7200000, 0x00000000c727b448, 0x00000000c7300000| 48%| E|  |TAMS 0x00000000c7200000, 0x00000000c7200000| Complete 
| 115|0x00000000c7300000, 0x00000000c7400000, 0x00000000c7400000|100%| E|CS|TAMS 0x00000000c7300000, 0x00000000c7300000| Complete 
| 116|0x00000000c7400000, 0x00000000c7500000, 0x00000000c7500000|100%| E|CS|TAMS 0x00000000c7400000, 0x00000000c7400000| Complete 
| 117|0x00000000c7500000, 0x00000000c7600000, 0x00000000c7600000|100%| E|CS|TAMS 0x00000000c7500000, 0x00000000c7500000| Complete 
| 118|0x00000000c7600000, 0x00000000c7700000, 0x00000000c7700000|100%| E|CS|TAMS 0x00000000c7600000, 0x00000000c7600000| Complete 
| 119|0x00000000c7700000, 0x00000000c7800000, 0x00000000c7800000|100%| E|CS|TAMS 0x00000000c7700000, 0x00000000c7700000| Complete 
| 120|0x00000000c7800000, 0x00000000c7900000, 0x00000000c7900000|100%| E|CS|TAMS 0x00000000c7800000, 0x00000000c7800000| Complete 
| 121|0x00000000c7900000, 0x00000000c7a00000, 0x00000000c7a00000|100%| E|CS|TAMS 0x00000000c7900000, 0x00000000c7900000| Complete 
| 122|0x00000000c7a00000, 0x00000000c7b00000, 0x00000000c7b00000|100%| E|CS|TAMS 0x00000000c7a00000, 0x00000000c7a00000| Complete 
| 123|0x00000000c7b00000, 0x00000000c7c00000, 0x00000000c7c00000|100%| E|CS|TAMS 0x00000000c7b00000, 0x00000000c7b00000| Complete 
| 124|0x00000000c7c00000, 0x00000000c7d00000, 0x00000000c7d00000|100%| E|CS|TAMS 0x00000000c7c00000, 0x00000000c7c00000| Complete 
| 125|0x00000000c7d00000, 0x00000000c7e00000, 0x00000000c7e00000|100%| E|CS|TAMS 0x00000000c7d00000, 0x00000000c7d00000| Complete 
| 126|0x00000000c7e00000, 0x00000000c7f00000, 0x00000000c7f00000|100%| E|  |TAMS 0x00000000c7e00000, 0x00000000c7e00000| Complete 
| 127|0x00000000c7f00000, 0x00000000c8000000, 0x00000000c8000000|100%| E|CS|TAMS 0x00000000c7f00000, 0x00000000c7f00000| Complete 

Card table byte_map: [0x000001e1de7a0000,0x000001e1de9a0000] _byte_map_base: 0x000001e1de1a0000

Marking Bits (Prev, Next): (CMBitMap*) 0x000001e1c99dafb0, (CMBitMap*) 0x000001e1c99daff0
 Prev Bits: [0x000001e1deba0000, 0x000001e1dfba0000)
 Next Bits: [0x000001e1dfba0000, 0x000001e1e0ba0000)

Polling page: 0x000001e1c9a60000

Metaspace:

Usage:
  Non-class:     12.24 MB used.
      Class:      1.44 MB used.
       Both:     13.68 MB used.

Virtual space:
  Non-class space:       64.00 MB reserved,      12.38 MB ( 19%) committed,  1 nodes.
      Class space:        1.00 GB reserved,       1.56 MB ( <1%) committed,  1 nodes.
             Both:        1.06 GB reserved,      13.94 MB (  1%) committed. 

Chunk freelists:
   Non-Class:  3.61 MB
       Class:  14.47 MB
        Both:  18.08 MB

MaxMetaspaceSize: unlimited
CompressedClassSpaceSize: 1.00 GB
Initial GC threshold: 21.00 MB
Current GC threshold: 21.00 MB
CDS: off
MetaspaceReclaimPolicy: balanced
 - commit_granule_bytes: 65536.
 - commit_granule_words: 8192.
 - virtual_space_node_default_size: 8388608.
 - enlarge_chunks_in_place: 1.
 - new_chunks_are_fully_committed: 0.
 - uncommit_free_chunks: 1.
 - use_allocation_guard: 0.
 - handle_deallocations: 1.


Internal statistics:

num_allocs_failed_limit: 0.
num_arena_births: 262.
num_arena_deaths: 0.
num_vsnodes_births: 2.
num_vsnodes_deaths: 0.
num_space_committed: 223.
num_space_uncommitted: 0.
num_chunks_returned_to_freelist: 0.
num_chunks_taken_from_freelist: 444.
num_chunk_merges: 0.
num_chunk_splits: 258.
num_chunks_enlarged: 110.
num_inconsistent_stats: 0.

CodeHeap 'non-profiled nmethods': size=120000Kb used=269Kb max_used=269Kb free=119731Kb
 bounds [0x000001e1d63d0000, 0x000001e1d6640000, 0x000001e1dd900000]
CodeHeap 'profiled nmethods': size=120000Kb used=1414Kb max_used=1414Kb free=118585Kb
 bounds [0x000001e1ce900000, 0x000001e1ceb70000, 0x000001e1d5e30000]
CodeHeap 'non-nmethods': size=5760Kb used=1159Kb max_used=1162Kb free=4600Kb
 bounds [0x000001e1d5e30000, 0x000001e1d60a0000, 0x000001e1d63d0000]
 total_blobs=1325 nmethods=873 adapters=365
 compilation: enabled
              stopped_count=0, restarted_count=0
 full_count=0

Compilation events (20 events):
Event: 0.470 Thread 0x000001e1e39e3010 nmethod 867 0x000001e1cea5bb10 code [0x000001e1cea5bce0, 0x000001e1cea5c178]
Event: 0.470 Thread 0x000001e1e39e3010  868       3       com.intellij.database.remote.jdbc.helpers.JdbcHelperDetection$1::compare (13 bytes)
Event: 0.470 Thread 0x000001e1e39e3010 nmethod 868 0x000001e1cea5c310 code [0x000001e1cea5c4c0, 0x000001e1cea5c7e8]
Event: 0.470 Thread 0x000001e1e39e3010  869       3       com.intellij.database.remote.jdbc.helpers.JdbcHelperDetection$1::compare (41 bytes)
Event: 0.471 Thread 0x000001e1e39e3010 nmethod 869 0x000001e1cea5c910 code [0x000001e1cea5cb00, 0x000001e1cea5d0b8]
Event: 0.471 Thread 0x000001e1e39e3010  870       3       java.io.InputStream::<init> (5 bytes)
Event: 0.471 Thread 0x000001e1e39e3010 nmethod 870 0x000001e1cea5d290 code [0x000001e1cea5d420, 0x000001e1cea5d578]
Event: 0.472 Thread 0x000001e1e39e3010  871       3       java.util.WeakHashMap::put (160 bytes)
Event: 0.473 Thread 0x000001e1e39e3010 nmethod 871 0x000001e1cea5d610 code [0x000001e1cea5d8a0, 0x000001e1cea5e8a8]
Event: 0.474 Thread 0x000001e1e39e3010  872       3       java.lang.Class::privateGetDeclaredMethods (64 bytes)
Event: 0.475 Thread 0x000001e1e39e3010 nmethod 872 0x000001e1cea5ee10 code [0x000001e1cea5f040, 0x000001e1cea5f818]
Event: 0.475 Thread 0x000001e1e39e3010  874       3       java.lang.invoke.AbstractValidatingLambdaMetafactory::isAdaptableTo (126 bytes)
Event: 0.475 Thread 0x000001e1e39e3010 nmethod 874 0x000001e1cea5fa90 code [0x000001e1cea5fd20, 0x000001e1cea60768]
Event: 0.475 Thread 0x000001e1e39e3010  875       3       jdk.internal.access.SharedSecrets::getJavaLangAccess (4 bytes)
Event: 0.475 Thread 0x000001e1e39e3010 nmethod 875 0x000001e1cea60b90 code [0x000001e1cea60d20, 0x000001e1cea60e18]
Event: 0.476 Thread 0x000001e1e39e3010  877       3       java.lang.invoke.BoundMethodHandle::<init> (32 bytes)
Event: 0.476 Thread 0x000001e1e39e3010 nmethod 877 0x000001e1cea60e90 code [0x000001e1cea61040, 0x000001e1cea611a8]
Event: 0.476 Thread 0x000001e1e39e3010  878       3       java.lang.invoke.TypeConvertingMethodAdapter::cast (42 bytes)
Event: 0.476 Thread 0x000001e1e39e3010 nmethod 878 0x000001e1cea61290 code [0x000001e1cea61480, 0x000001e1cea618e8]
Event: 0.479 Thread 0x000001e1e39e3010  880       3       sun.net.util.URLUtil::urlNoFragString (114 bytes)

GC Heap History (0 events):
No events

Dll operation events (1 events):
Event: 0.006 Loaded shared library C:\Program Files\JetBrains\IntelliJ IDEA 2024.1.2\jbr\bin\java.dll

Deoptimization events (20 events):
Event: 0.146 Thread 0x000001e1c999c6c0 DEOPT PACKING pc=0x000001e1ce93ccfc sp=0x0000006837afa050
Event: 0.146 Thread 0x000001e1c999c6c0 DEOPT UNPACKING pc=0x000001e1d5e87143 sp=0x0000006837af94e0 mode 0
Event: 0.146 Thread 0x000001e1c999c6c0 DEOPT PACKING pc=0x000001e1ce93ccfc sp=0x0000006837afa050
Event: 0.146 Thread 0x000001e1c999c6c0 DEOPT UNPACKING pc=0x000001e1d5e87143 sp=0x0000006837af94e0 mode 0
Event: 0.146 Thread 0x000001e1c999c6c0 DEOPT PACKING pc=0x000001e1ce93ccfc sp=0x0000006837afa050
Event: 0.146 Thread 0x000001e1c999c6c0 DEOPT UNPACKING pc=0x000001e1d5e87143 sp=0x0000006837af94e0 mode 0
Event: 0.147 Thread 0x000001e1e3c5b7a0 DEOPT PACKING pc=0x000001e1ce93ccfc sp=0x0000006838dfe3b0
Event: 0.147 Thread 0x000001e1e3c5b7a0 DEOPT UNPACKING pc=0x000001e1d5e87143 sp=0x0000006838dfd840 mode 0
Event: 0.148 Thread 0x000001e1e3c5b7a0 DEOPT PACKING pc=0x000001e1ce93ccfc sp=0x0000006838dfe3b0
Event: 0.148 Thread 0x000001e1e3c5b7a0 DEOPT UNPACKING pc=0x000001e1d5e87143 sp=0x0000006838dfd840 mode 0
Event: 0.148 Thread 0x000001e1e3c5b7a0 DEOPT PACKING pc=0x000001e1ce93ccfc sp=0x0000006838dfe3b0
Event: 0.148 Thread 0x000001e1e3c5b7a0 DEOPT UNPACKING pc=0x000001e1d5e87143 sp=0x0000006838dfd840 mode 0
Event: 0.266 Thread 0x000001e1c999c6c0 DEOPT PACKING pc=0x000001e1ce91a167 sp=0x0000006837afe3f0
Event: 0.266 Thread 0x000001e1c999c6c0 DEOPT UNPACKING pc=0x000001e1d5e87143 sp=0x0000006837afd810 mode 0
Event: 0.277 Thread 0x000001e1c999c6c0 DEOPT PACKING pc=0x000001e1ce9152d1 sp=0x0000006837afd400
Event: 0.277 Thread 0x000001e1c999c6c0 DEOPT UNPACKING pc=0x000001e1d5e87143 sp=0x0000006837afc878 mode 0
Event: 0.397 Thread 0x000001e1e82c0df0 Uncommon trap: trap_request=0xffffff6e fr.pc=0x000001e1d6406544 relative=0x0000000000000144
Event: 0.397 Thread 0x000001e1e82c0df0 Uncommon trap: reason=loop_limit_check action=maybe_recompile pc=0x000001e1d6406544 method=java.lang.StringLatin1.lastIndexOf([BII)I @ 19 c2
Event: 0.397 Thread 0x000001e1e82c0df0 DEOPT PACKING pc=0x000001e1d6406544 sp=0x00000068395fdb80
Event: 0.397 Thread 0x000001e1e82c0df0 DEOPT UNPACKING pc=0x000001e1d5e869a3 sp=0x00000068395fdb00 mode 2

Classes unloaded (0 events):
No events

Classes redefined (0 events):
No events

Internal exceptions (20 events):
Event: 0.167 Thread 0x000001e1c999c6c0 Exception <a 'java/lang/NoSuchMethodError'{0x00000000c7b46108}: 'void java.lang.invoke.DirectMethodHandle$Holder.invokeInterface(java.lang.Object, java.lang.Object, java.lang.Object)'> (0x00000000c7b46108) 
thrown [s\src\hotspot\share\interpreter\linkResolver.cpp, line 771]
Event: 0.167 Thread 0x000001e1c999c6c0 Exception <a 'java/lang/IncompatibleClassChangeError'{0x00000000c7b49568}: Found class java.lang.Object, but interface was expected> (0x00000000c7b49568) 
thrown [s\src\hotspot\share\interpreter\linkResolver.cpp, line 838]
Event: 0.167 Thread 0x000001e1c999c6c0 Exception <a 'java/lang/IncompatibleClassChangeError'{0x00000000c7b4aac0}: Found class java.lang.Object, but interface was expected> (0x00000000c7b4aac0) 
thrown [s\src\hotspot\share\interpreter\linkResolver.cpp, line 838]
Event: 0.168 Thread 0x000001e1c999c6c0 Exception <a 'java/lang/IncompatibleClassChangeError'{0x00000000c7b4bb98}: Found class java.lang.Object, but interface was expected> (0x00000000c7b4bb98) 
thrown [s\src\hotspot\share\interpreter\linkResolver.cpp, line 838]
Event: 0.168 Thread 0x000001e1c999c6c0 Exception <a 'java/lang/IncompatibleClassChangeError'{0x00000000c7b4d058}: Found class java.lang.Object, but interface was expected> (0x00000000c7b4d058) 
thrown [s\src\hotspot\share\interpreter\linkResolver.cpp, line 838]
Event: 0.168 Thread 0x000001e1c999c6c0 Exception <a 'java/lang/IncompatibleClassChangeError'{0x00000000c7b4e010}: Found class java.lang.Object, but interface was expected> (0x00000000c7b4e010) 
thrown [s\src\hotspot\share\interpreter\linkResolver.cpp, line 838]
Event: 0.168 Thread 0x000001e1c999c6c0 Exception <a 'java/lang/NoSuchMethodError'{0x00000000c7b50ce0}: 'void java.lang.invoke.DirectMethodHandle$Holder.invokeStatic(java.lang.Object, java.lang.Object)'> (0x00000000c7b50ce0) 
thrown [s\src\hotspot\share\interpreter\linkResolver.cpp, line 771]
Event: 0.168 Thread 0x000001e1c999c6c0 Exception <a 'java/lang/NoSuchMethodError'{0x00000000c7b54350}: 'void java.lang.invoke.DirectMethodHandle$Holder.invokeStaticInit(java.lang.Object, java.lang.Object)'> (0x00000000c7b54350) 
thrown [s\src\hotspot\share\interpreter\linkResolver.cpp, line 771]
Event: 0.182 Thread 0x000001e1c999c6c0 Exception <a 'java/lang/NoSuchMethodError'{0x00000000c7b66f10}: 'java.lang.Object java.lang.invoke.DirectMethodHandle$Holder.invokeStaticInit(java.lang.Object)'> (0x00000000c7b66f10) 
thrown [s\src\hotspot\share\interpreter\linkResolver.cpp, line 771]
Event: 0.208 Thread 0x000001e1c999c6c0 Exception <a 'java/lang/NoSuchMethodError'{0x00000000c7be3820}: 'java.lang.Object java.lang.invoke.DirectMethodHandle$Holder.invokeStaticInit(java.lang.Object, int, int, int, int)'> (0x00000000c7be3820) 
thrown [s\src\hotspot\share\interpreter\linkResolver.cpp, line 771]
Event: 0.238 Thread 0x000001e1c999c6c0 Exception <a 'java/lang/NoSuchMethodError'{0x00000000c7a38030}: 'java.lang.Object java.lang.invoke.DirectMethodHandle$Holder.invokeStaticInit(java.lang.Object, java.lang.Object, int, int, int, int)'> (0x00000000c7a38030) 
thrown [s\src\hotspot\share\interpreter\linkResolver.cpp, line 771]
Event: 0.290 Thread 0x000001e1c999c6c0 Exception <a 'java/lang/NoSuchMethodError'{0x00000000c7862898}: 'java.lang.Object java.lang.invoke.Invokers$Holder.linkToTargetMethod(java.lang.Object, long, java.lang.Object)'> (0x00000000c7862898) 
thrown [s\src\hotspot\share\interpreter\linkResolver.cpp, line 771]
Event: 0.325 Thread 0x000001e1e82c03d0 Exception <a 'java/lang/NoSuchMethodError'{0x00000000c769d010}: static [B.<clinit>()V> (0x00000000c769d010) 
thrown [s\src\hotspot\share\prims\jni.cpp, line 1127]
Event: 0.325 Thread 0x000001e1e82c0df0 Exception <a 'java/lang/NoSuchMethodError'{0x00000000c7623f20}: static [B.<clinit>()V> (0x00000000c7623f20) 
thrown [s\src\hotspot\share\prims\jni.cpp, line 1127]
Event: 0.402 Thread 0x000001e1e82c0df0 Exception <a 'java/lang/NoSuchMethodError'{0x00000000c7653f08}: static [Ljava/rmi/server/ObjID;.<clinit>()V> (0x00000000c7653f08) 
thrown [s\src\hotspot\share\prims\jni.cpp, line 1127]
Event: 0.404 Thread 0x000001e1e82c1300 Exception <a 'java/lang/InterruptedException'{0x00000000c76ee090}> (0x00000000c76ee090) 
thrown [s\src\hotspot\share\runtime\objectMonitor.cpp, line 1658]
Event: 0.405 Thread 0x000001e1e82c0df0 Exception <a 'java/lang/NoSuchMethodError'{0x00000000c765b8f0}: 'void java.lang.invoke.DirectMethodHandle$Holder.invokeSpecial(java.lang.Object, java.lang.Object, java.lang.Object)'> (0x00000000c765b8f0) 
thrown [s\src\hotspot\share\interpreter\linkResolver.cpp, line 771]
Event: 0.405 Thread 0x000001e1e82c1300 Exception <a 'java/lang/NoSuchMethodError'{0x00000000c76f6838}: 'java.lang.Object java.lang.invoke.DirectMethodHandle$Holder.newInvokeSpecial(java.lang.Object, java.lang.Object, int, java.lang.Object, long)'> (0x00000000c76f6838) 
thrown [s\src\hotspot\share\interpreter\linkResolver.cpp, line 771]
Event: 0.405 Thread 0x000001e1e82c0df0 Exception <a 'java/lang/NoSuchMethodError'{0x00000000c765ee58}: 'void java.lang.invoke.Invokers$Holder.invoke_MT(java.lang.Object, java.lang.Object, java.lang.Object)'> (0x00000000c765ee58) 
thrown [s\src\hotspot\share\interpreter\linkResolver.cpp, line 771]
Event: 0.475 Thread 0x000001e1e82c0df0 Exception <a 'java/lang/NoSuchMethodError'{0x00000000c73c9720}: 'java.lang.Object java.lang.invoke.DirectMethodHandle$Holder.invokeInterface(java.lang.Object, java.lang.Object)'> (0x00000000c73c9720) 
thrown [s\src\hotspot\share\interpreter\linkResolver.cpp, line 771]

VM Operations (6 events):
Event: 0.104 Executing VM operation: HandshakeAllThreads
Event: 0.104 Executing VM operation: HandshakeAllThreads done
Event: 0.136 Executing VM operation: HandshakeAllThreads
Event: 0.136 Executing VM operation: HandshakeAllThreads done
Event: 0.172 Executing VM operation: HandshakeAllThreads
Event: 0.172 Executing VM operation: HandshakeAllThreads done

Events (20 events):
Event: 0.464 loading class java/util/function/IntConsumer
Event: 0.464 loading class java/util/function/IntConsumer done
Event: 0.464 loading class java/util/function/IntPredicate
Event: 0.464 loading class java/util/function/IntPredicate done
Event: 0.465 loading class java/util/PrimitiveIterator$OfInt
Event: 0.465 loading class java/util/PrimitiveIterator
Event: 0.465 loading class java/util/PrimitiveIterator done
Event: 0.465 loading class java/util/PrimitiveIterator$OfInt done
Event: 0.466 loading class java/util/function/IntUnaryOperator
Event: 0.466 loading class java/util/function/IntUnaryOperator done
Event: 0.468 loading class java/util/concurrent/ForkJoinTask
Event: 0.469 loading class java/util/concurrent/ForkJoinTask done
Event: 0.469 loading class java/util/concurrent/RecursiveAction
Event: 0.469 loading class java/util/concurrent/RecursiveAction done
Event: 0.478 loading class java/io/UnsupportedEncodingException
Event: 0.478 loading class java/io/UnsupportedEncodingException done
Event: 0.478 loading class java/nio/charset/UnsupportedCharsetException
Event: 0.478 loading class java/nio/charset/UnsupportedCharsetException done
Event: 0.478 loading class java/lang/NumberFormatException
Event: 0.478 loading class java/lang/NumberFormatException done


Dynamic libraries:
0x00007ff69f760000 - 0x00007ff69f76a000 	C:\Program Files\JetBrains\IntelliJ IDEA 2024.1.2\jbr\bin\java.exe
0x00007ffb312a0000 - 0x00007ffb314a9000 	C:\WINDOWS\SYSTEM32\ntdll.dll
0x00007ffb30420000 - 0x00007ffb304dd000 	C:\WINDOWS\System32\KERNEL32.DLL
0x00007ffb2ebc0000 - 0x00007ffb2ef44000 	C:\WINDOWS\System32\KERNELBASE.dll
0x00007ffb2ea70000 - 0x00007ffb2eb81000 	C:\WINDOWS\System32\ucrtbase.dll
0x00007ffb22490000 - 0x00007ffb224a7000 	C:\Program Files\JetBrains\IntelliJ IDEA 2024.1.2\jbr\bin\jli.dll
0x00007ffb15e90000 - 0x00007ffb15eab000 	C:\Program Files\JetBrains\IntelliJ IDEA 2024.1.2\jbr\bin\VCRUNTIME140.dll
0x00007ffb2f990000 - 0x00007ffb2fb3d000 	C:\WINDOWS\System32\USER32.dll
0x00007ffb1a730000 - 0x00007ffb1a9d5000 	C:\WINDOWS\WinSxS\amd64_microsoft.windows.common-controls_6595b64144ccf1df_6.0.22000.120_none_9d947278b86cc467\COMCTL32.dll
0x00007ffb2eb90000 - 0x00007ffb2ebb6000 	C:\WINDOWS\System32\win32u.dll
0x00007ffb2f420000 - 0x00007ffb2f4c3000 	C:\WINDOWS\System32\msvcrt.dll
0x00007ffb304e0000 - 0x00007ffb3050a000 	C:\WINDOWS\System32\GDI32.dll
0x00007ffb2efd0000 - 0x00007ffb2f0ee000 	C:\WINDOWS\System32\gdi32full.dll
0x00007ffb2e9d0000 - 0x00007ffb2ea6d000 	C:\WINDOWS\System32\msvcp_win.dll
0x00007ffb2f190000 - 0x00007ffb2f1c1000 	C:\WINDOWS\System32\IMM32.DLL
0x00007ffb26300000 - 0x00007ffb2630c000 	C:\Program Files\JetBrains\IntelliJ IDEA 2024.1.2\jbr\bin\vcruntime140_1.dll
0x00007ffb0e2d0000 - 0x00007ffb0e35d000 	C:\Program Files\JetBrains\IntelliJ IDEA 2024.1.2\jbr\bin\msvcp140.dll
0x00007ffaac5b0000 - 0x00007ffaad233000 	C:\Program Files\JetBrains\IntelliJ IDEA 2024.1.2\jbr\bin\server\jvm.dll
0x00007ffb30c50000 - 0x00007ffb30cfe000 	C:\WINDOWS\System32\ADVAPI32.dll
0x00007ffb30380000 - 0x00007ffb3041e000 	C:\WINDOWS\System32\sechost.dll
0x00007ffb2f860000 - 0x00007ffb2f981000 	C:\WINDOWS\System32\RPCRT4.dll
0x00007ffb26140000 - 0x00007ffb26173000 	C:\WINDOWS\SYSTEM32\WINMM.dll
0x00007ffb2d090000 - 0x00007ffb2d0dd000 	C:\WINDOWS\SYSTEM32\POWRPROF.dll
0x00007ffb24ba0000 - 0x00007ffb24ba9000 	C:\WINDOWS\SYSTEM32\WSOCK32.dll
0x00007ffb248c0000 - 0x00007ffb248ca000 	C:\WINDOWS\SYSTEM32\VERSION.dll
0x00007ffb2f4d0000 - 0x00007ffb2f53f000 	C:\WINDOWS\System32\WS2_32.dll
0x00007ffb2d180000 - 0x00007ffb2d193000 	C:\WINDOWS\SYSTEM32\UMPDC.dll
0x00007ffb2d890000 - 0x00007ffb2d8a8000 	C:\WINDOWS\SYSTEM32\kernel.appcore.dll
0x00007ffb288b0000 - 0x00007ffb288ba000 	C:\Program Files\JetBrains\IntelliJ IDEA 2024.1.2\jbr\bin\jimage.dll
0x00007ffb2bde0000 - 0x00007ffb2c001000 	C:\WINDOWS\SYSTEM32\DBGHELP.DLL
0x00007ffb22240000 - 0x00007ffb22271000 	C:\WINDOWS\SYSTEM32\dbgcore.DLL
0x00007ffb2ef50000 - 0x00007ffb2efcf000 	C:\WINDOWS\System32\bcryptPrimitives.dll
0x00007ffb22440000 - 0x00007ffb22465000 	C:\Program Files\JetBrains\IntelliJ IDEA 2024.1.2\jbr\bin\java.dll
0x00007ffb220e0000 - 0x00007ffb220f8000 	C:\Program Files\JetBrains\IntelliJ IDEA 2024.1.2\jbr\bin\zip.dll
0x00007ffb2fbb0000 - 0x00007ffb30375000 	C:\WINDOWS\System32\SHELL32.dll
0x00007ffb2c810000 - 0x00007ffb2d072000 	C:\WINDOWS\SYSTEM32\windows.storage.dll
0x00007ffb308d0000 - 0x00007ffb30c46000 	C:\WINDOWS\System32\combase.dll
0x00007ffb2c6a0000 - 0x00007ffb2c807000 	C:\WINDOWS\SYSTEM32\wintypes.dll
0x00007ffb30510000 - 0x00007ffb305fa000 	C:\WINDOWS\System32\SHCORE.dll
0x00007ffb2fb50000 - 0x00007ffb2fbad000 	C:\WINDOWS\System32\shlwapi.dll
0x00007ffb2e660000 - 0x00007ffb2e685000 	C:\WINDOWS\SYSTEM32\profapi.dll
0x00007ffb20df0000 - 0x00007ffb20e09000 	C:\Program Files\JetBrains\IntelliJ IDEA 2024.1.2\jbr\bin\net.dll
0x00007ffb292e0000 - 0x00007ffb293f4000 	C:\WINDOWS\SYSTEM32\WINHTTP.dll
0x00007ffb2dd40000 - 0x00007ffb2dda7000 	C:\WINDOWS\system32\mswsock.dll
0x00007ffb1ed10000 - 0x00007ffb1ed26000 	C:\Program Files\JetBrains\IntelliJ IDEA 2024.1.2\jbr\bin\nio.dll
0x00007ffb2d3a0000 - 0x00007ffb2d3cd000 	C:\WINDOWS\SYSTEM32\IPHLPAPI.DLL
0x00007ffb2f0f0000 - 0x00007ffb2f0f9000 	C:\WINDOWS\System32\NSI.dll
0x00007ffb292c0000 - 0x00007ffb292d9000 	C:\WINDOWS\SYSTEM32\dhcpcsvc6.DLL
0x00007ffb29640000 - 0x00007ffb2965e000 	C:\WINDOWS\SYSTEM32\dhcpcsvc.DLL
0x00007ffb2d3d0000 - 0x00007ffb2d4b7000 	C:\WINDOWS\SYSTEM32\DNSAPI.dll
0x00007ffb2df80000 - 0x00007ffb2df98000 	C:\WINDOWS\SYSTEM32\CRYPTSP.dll
0x00007ffb2d7f0000 - 0x00007ffb2d825000 	C:\WINDOWS\system32\rsaenh.dll
0x00007ffb2de30000 - 0x00007ffb2de5c000 	C:\WINDOWS\SYSTEM32\USERENV.dll
0x00007ffb2e100000 - 0x00007ffb2e127000 	C:\WINDOWS\SYSTEM32\bcrypt.dll
0x00007ffb2dfa0000 - 0x00007ffb2dfac000 	C:\WINDOWS\SYSTEM32\CRYPTBASE.dll
0x00007ffb20bc0000 - 0x00007ffb20bc9000 	C:\Program Files\JetBrains\IntelliJ IDEA 2024.1.2\jbr\bin\extnet.dll
0x00007ffb168a0000 - 0x00007ffb168a7000 	C:\Program Files\JetBrains\IntelliJ IDEA 2024.1.2\jbr\bin\rmi.dll

dbghelp: loaded successfully - version: 4.0.5 - missing functions: none
symbol engine: initialized successfully - sym options: 0x614 - pdb path: .;C:\Program Files\JetBrains\IntelliJ IDEA 2024.1.2\jbr\bin;C:\WINDOWS\SYSTEM32;C:\WINDOWS\WinSxS\amd64_microsoft.windows.common-controls_6595b64144ccf1df_6.0.22000.120_none_9d947278b86cc467;C:\Program Files\JetBrains\IntelliJ IDEA 2024.1.2\jbr\bin\server

VM Arguments:
jvm_args: -Djava.rmi.server.hostname=127.0.0.1 -Duser.timezone=UTC -Xmx1024m -Xms128m -Djdbc.classpath=C:\Program Files\JetBrains\IntelliJ IDEA 2024.1.2\plugins\DatabaseTools\lib\jdbc-console.jar;C:\Users\LENOVO\AppData\Roaming\JetBrains\IntelliJIdea2024.1\jdbc-drivers\MySQL ConnectorJ\8.2.0\com\mysql\mysql-connector-j\8.2.0\mysql-connector-j-8.2.0.jar;C:\Users\LENOVO\AppData\Roaming\JetBrains\IntelliJIdea2024.1\jdbc-drivers\MySQL ConnectorJ\8.2.0\com\google\protobuf\protobuf-java\3.21.9\protobuf-java-3.21.9.jar --add-exports=java.desktop/sun.awt=ALL-UNNAMED --add-exports=java.desktop/java.awt.peer=ALL-UNNAMED --add-opens=java.desktop/java.awt=ALL-UNNAMED --add-opens=jdk.unsupported/sun.misc=ALL-UNNAMED --add-opens=java.base/java.nio=ALL-UNNAMED --add-opens=java.base/java.util=ALL-UNNAMED -Dfile.encoding=UTF-8 
java_command: com.intellij.database.remote.RemoteJdbcServer com.mysql.cj.jdbc.Driver
java_class_path (initial): C:\Program Files\JetBrains\IntelliJ IDEA 2024.1.2\lib\util_rt.jar;C:\Program Files\JetBrains\IntelliJ IDEA 2024.1.2\lib\util-8.jar;C:\Program Files\JetBrains\IntelliJ IDEA 2024.1.2\lib\groovy.jar;C:\Program Files\JetBrains\IntelliJ IDEA 2024.1.2\plugins\DatabaseTools\lib\jdbc-console.jar;C:\Program Files\JetBrains\IntelliJ IDEA 2024.1.2\plugins\grid-core-impl\lib\jdbc-console-types.jar;C:\Program Files\JetBrains\IntelliJ IDEA 2024.1.2\lib\util.jar
Launcher Type: SUN_STANDARD

[Global flags]
     intx CICompilerCount                          = 4                                         {product} {ergonomic}
     uint ConcGCThreads                            = 3                                         {product} {ergonomic}
     uint G1ConcRefinementThreads                  = 10                                        {product} {ergonomic}
   size_t G1HeapRegionSize                         = 1048576                                   {product} {ergonomic}
    uintx GCDrainStackTargetSize                   = 64                                        {product} {ergonomic}
   size_t InitialHeapSize                          = 134217728                                 {product} {command line}
   size_t MarkStackSize                            = 4194304                                   {product} {ergonomic}
   size_t MaxHeapSize                              = 1073741824                                {product} {command line}
   size_t MaxNewSize                               = 643825664                                 {product} {ergonomic}
   size_t MinHeapDeltaBytes                        = 1048576                                   {product} {ergonomic}
   size_t MinHeapSize                              = 134217728                                 {product} {command line}
    uintx NonNMethodCodeHeapSize                   = 5839372                                {pd product} {ergonomic}
    uintx NonProfiledCodeHeapSize                  = 122909434                              {pd product} {ergonomic}
    uintx ProfiledCodeHeapSize                     = 122909434                              {pd product} {ergonomic}
    uintx ReservedCodeCacheSize                    = 251658240                              {pd product} {ergonomic}
     bool SegmentedCodeCache                       = true                                      {product} {ergonomic}
   size_t SoftMaxHeapSize                          = 1073741824                             {manageable} {ergonomic}
     bool UseCompressedClassPointers               = true                           {product lp64_product} {ergonomic}
     bool UseCompressedOops                        = true                           {product lp64_product} {ergonomic}
     bool UseG1GC                                  = true                                      {product} {ergonomic}
     bool UseLargePagesIndividualAllocation        = false                                  {pd product} {ergonomic}

Logging:
Log output configuration:
 #0: stdout all=warning uptime,level,tags
 #1: stderr all=off uptime,level,tags

Environment Variables:
PATH=C:\Program Files\Common Files\Oracle\Java\javapath;C:\Windows\system32;C:\Windows;C:\Windows\System32\Wbem;C:\Windows\System32\WindowsPowerShell\v1.0\;C:\Windows\System32\OpenSSH\;C:\Program Files (x86)\NVIDIA Corporation\PhysX\Common;C:\Program Files\NVIDIA Corporation\NVIDIA NvDLISR;C:\WINDOWS\system32;C:\WINDOWS;C:\WINDOWS\System32\Wbem;C:\WINDOWS\System32\WindowsPowerShell\v1.0\;C:\WINDOWS\System32\OpenSSH\;C:\Program Files\Git\cmd;C:\Program Files\nodejs\;C:\Program Files\MySQL\MySQL Shell 8.0\bin\;C:\Users\LENOVO\AppData\Local\Microsoft\WindowsApps;C:\Users\LENOVO\AppData\Local\GitHubDesktop\bin;D:\program\Microsoft VS Code\bin;C:\Users\LENOVO\AppData\Roaming\npm
USERNAME=LENOVO
OS=Windows_NT
PROCESSOR_IDENTIFIER=AMD64 Family 25 Model 80 Stepping 0, AuthenticAMD
TMP=C:\Users\LENOVO\AppData\Local\Temp
TEMP=C:\Users\LENOVO\AppData\Local\Temp



Periodic native trim disabled

JNI global refs:
JNI global refs: 17, weak refs: 0

JNI global refs memory usage: 843, weak refs: 841

Process memory usage:
Resident Set Size: 79600K (0% of 14528572K total physical memory with 299400K free physical memory)

OOME stack traces (most recent first):
Classloader memory used:
